Arguments: 
  /usr/local/Cellar/node/16.3.0/bin/node /usr/local/Cellar/yarn/1.22.10/libexec/bin/yarn.js add tailwindcss postcss postcss-cli autoprefixer

PATH: 
  /Users/astephen/.rbenv/shims:/Users/astephen/.rbenv/bin:/usr/local/bin:/usr/bin:/bin:/usr/sbin:/sbin:/Library/Apple/usr/bin:/Users/astephen/.dotfiles/bin:/Users/astephen/.dotfiles/local/bin

Yarn version: 
  1.22.10

Node version: 
  16.3.0

Platform: 
  darwin x64

Trace: 
  SyntaxError: /Users/astephen/Projects/personal_website/package.json: Unexpected token } in JSON at position 468
      at JSON.parse (<anonymous>)
      at /usr/local/Cellar/yarn/1.22.10/libexec/lib/cli.js:1625:59
      at Generator.next (<anonymous>)
      at step (/usr/local/Cellar/yarn/1.22.10/libexec/lib/cli.js:310:30)
      at /usr/local/Cellar/yarn/1.22.10/libexec/lib/cli.js:321:13

npm manifest: 
  {
    "name": "personal_website",
    "version": "1.0.0",
    "description": "My personal website",
    "repository": "git+https://github.com/rambleraptor/rambleraptor.github.io.git",
    "author": "Alex Stephen <astephen2@gmail.com>",
    "license": "MIT",
    "bugs": {
      "url": "https://github.com/rambleraptor/rambleraptor.github.io/issues"
    },
    "homepage": "https://github.com/rambleraptor/rambleraptor.github.io#readme",
    "dependencies": {
      "bootstrap": "^4.5.3"
    },
  }

yarn manifest: 
  No manifest

Lockfile: 
  No lockfile
